
+ January 7, 2021, 8:32 pm ----------------------
    This text is indented
    Working...Done.
    [1;30m[INFO][0m Testing something...
    [1;33m[WARNING][0m Uh oh. Be cautious.
    [1;32m[SUCCESS][0m Awesome it worked!
    [1;31m[ERROR][0m O no. That didnt work.
    [1;31m[ERROR][0m Something really bad happened exit the script

+ January 7, 2021, 8:34 pm ----------------------
    What's your favorite beer? : artartica
    What's your favorite OS? [1;37m[Mac,Windows,q] [0m: linux
    What's your favorite OS? [1;37m[Mac,Windows,q] [0m: Windows

+ January 7, 2021, 8:35 pm ----------------------
    What's your favorite beer? : antartica
    What's your favorite OS? [1;37m[Mac,Windows,q] [0m: Mac
    Macs are pretty cool.

+ January 9, 2021, 7:22 pm ----------------------
    What's your favorite beer? : ant
    What's your favorite OS? [1;37m[Mac,Windows,q] [0m: Mac
    Macs are pretty cool.
